<?xml version="1.0" encoding="utf-8"?><testsuites name="pytest tests"><testsuite name="pytest" errors="0" failures="0" skipped="0" tests="12" time="2.898" timestamp="2026-06-07T19:20:18.310465+00:00" hostname="agent-env-db6297b9-52c0-4d8e-8803-31e1928c9911"><testcase classname="backend.tests.test_legal_terms.TestLegalTerms" name="test_terms_public_no_auth_required" time="0.167" /><testcase classname="backend.tests.test_legal_terms.TestLegalStatus" name="test_status_requires_auth" time="0.127" /><testcase classname="backend.tests.test_legal_terms.TestLegalStatus" name="test_status_fresh_user_not_accepted" time="0.147" /><testcase classname="backend.tests.test_legal_terms.TestLegalAccept" name="test_accept_happy_path_and_status_reflects" time="0.171" /><testcase classname="backend.tests.test_legal_terms.TestLegalAccept" name="test_accept_wrong_version_400" time="0.170" /><testcase classname="backend.tests.test_legal_terms.TestLegalAccept" name="test_accept_requires_auth" time="0.213" /><testcase classname="backend.tests.test_legal_terms.TestLegalAccept" name="test_accept_is_idempotent" time="0.167" /><testcase classname="backend.tests.test_legal_terms.TestLegalCrossTenant" name="test_acceptance_of_a_does_not_affect_b" time="0.364" /><testcase classname="backend.tests.test_legal_terms.TestSanityRegression" name="test_health_still_ok" time="0.138" /><testcase classname="backend.tests.test_legal_terms.TestSanityRegression" name="test_auth_me_still_works" time="0.103" /><testcase classname="backend.tests.test_legal_terms.TestSanityRegression" name="test_history_still_works" time="0.121" /><testcase classname="backend.tests.test_legal_terms.TestSanityRegression" name="test_transcribe_still_works" time="0.965" /></testsuite></testsuites>