<?xml version="1.0" encoding="utf-8"?><testsuites name="pytest tests"><testsuite name="pytest" errors="0" failures="0" skipped="0" tests="27" time="7.540" timestamp="2026-06-07T19:20:25.991193+00:00" hostname="agent-env-db6297b9-52c0-4d8e-8803-31e1928c9911"><testcase classname="backend.tests.test_legal_terms.TestLegalTerms" name="test_terms_public_no_auth_required" time="0.125" /><testcase classname="backend.tests.test_legal_terms.TestLegalStatus" name="test_status_requires_auth" time="0.105" /><testcase classname="backend.tests.test_legal_terms.TestLegalStatus" name="test_status_fresh_user_not_accepted" time="0.116" /><testcase classname="backend.tests.test_legal_terms.TestLegalAccept" name="test_accept_happy_path_and_status_reflects" time="0.174" /><testcase classname="backend.tests.test_legal_terms.TestLegalAccept" name="test_accept_wrong_version_400" time="0.100" /><testcase classname="backend.tests.test_legal_terms.TestLegalAccept" name="test_accept_requires_auth" time="0.096" /><testcase classname="backend.tests.test_legal_terms.TestLegalAccept" name="test_accept_is_idempotent" time="0.146" /><testcase classname="backend.tests.test_legal_terms.TestLegalCrossTenant" name="test_acceptance_of_a_does_not_affect_b" time="0.328" /><testcase classname="backend.tests.test_legal_terms.TestSanityRegression" name="test_health_still_ok" time="0.159" /><testcase classname="backend.tests.test_legal_terms.TestSanityRegression" name="test_auth_me_still_works" time="0.106" /><testcase classname="backend.tests.test_legal_terms.TestSanityRegression" name="test_history_still_works" time="0.117" /><testcase classname="backend.tests.test_legal_terms.TestSanityRegression" name="test_transcribe_still_works" time="0.655" /><testcase classname="backend.tests.test_omni_api.TestHealth" name="test_health_ok" time="0.108" /><testcase classname="backend.tests.test_omni_api.TestAuthGating" name="test_protected_requires_auth[/api/auth/me-get-kwargs0]" time="0.105" /><testcase classname="backend.tests.test_omni_api.TestAuthGating" name="test_protected_requires_auth[/api/history-get-kwargs1]" time="0.117" /><testcase classname="backend.tests.test_omni_api.TestAuthGating" name="test_protected_requires_auth[/api/transcribe-post-kwargs2]" time="0.104" /><testcase classname="backend.tests.test_omni_api.TestAuthGating" name="test_protected_requires_auth[/api/ask-post-kwargs3]" time="0.105" /><testcase classname="backend.tests.test_omni_api.TestAuthGating" name="test_protected_requires_auth[/api/chat-post-kwargs4]" time="0.101" /><testcase classname="backend.tests.test_omni_api.TestAuthGating" name="test_invalid_token_rejected" time="0.111" /><testcase classname="backend.tests.test_omni_api.TestAuthMe" name="test_auth_me_returns_seeded_user" time="0.102" /><testcase classname="backend.tests.test_omni_api.TestAuthMe" name="test_logout_invalidates_session" time="0.341" /><testcase classname="backend.tests.test_omni_api.TestTranscribe" name="test_transcribe_returns_text_and_persists_history" time="1.171" /><testcase classname="backend.tests.test_omni_api.TestAsk" name="test_ask_image_returns_result_and_persists" time="1.411" /><testcase classname="backend.tests.test_omni_api.TestChat" name="test_chat_text_only_returns_result" time="0.894" /><testcase classname="backend.tests.test_omni_api.TestHistory" name="test_history_lists_only_callers_items_and_sorted_desc" time="0.093" /><testcase classname="backend.tests.test_omni_api.TestHistory" name="test_cross_tenant_isolation" time="0.232" /><testcase classname="backend.tests.test_omni_api.TestHistory" name="test_delete_history_only_own_item" time="0.255" /></testsuite></testsuites>