<?xml version="1.0" encoding="utf-8"?><testsuites name="pytest tests"><testsuite name="pytest" errors="0" failures="0" skipped="0" tests="15" time="4.660" timestamp="2026-06-07T17:08:43.268244+00:00" hostname="agent-env-db6297b9-52c0-4d8e-8803-31e1928c9911"><testcase classname="backend.tests.test_omni_api.TestHealth" name="test_health_ok" time="0.183" /><testcase classname="backend.tests.test_omni_api.TestAuthGating" name="test_protected_requires_auth[/api/auth/me-get-kwargs0]" time="0.119" /><testcase classname="backend.tests.test_omni_api.TestAuthGating" name="test_protected_requires_auth[/api/history-get-kwargs1]" time="0.133" /><testcase classname="backend.tests.test_omni_api.TestAuthGating" name="test_protected_requires_auth[/api/transcribe-post-kwargs2]" time="0.108" /><testcase classname="backend.tests.test_omni_api.TestAuthGating" name="test_protected_requires_auth[/api/ask-post-kwargs3]" time="0.118" /><testcase classname="backend.tests.test_omni_api.TestAuthGating" name="test_protected_requires_auth[/api/chat-post-kwargs4]" time="0.124" /><testcase classname="backend.tests.test_omni_api.TestAuthGating" name="test_invalid_token_rejected" time="0.108" /><testcase classname="backend.tests.test_omni_api.TestAuthMe" name="test_auth_me_returns_seeded_user" time="0.131" /><testcase classname="backend.tests.test_omni_api.TestAuthMe" name="test_logout_invalidates_session" time="0.414" /><testcase classname="backend.tests.test_omni_api.TestTranscribe" name="test_transcribe_returns_text_and_persists_history" time="0.653" /><testcase classname="backend.tests.test_omni_api.TestAsk" name="test_ask_image_returns_result_and_persists" time="0.827" /><testcase classname="backend.tests.test_omni_api.TestChat" name="test_chat_text_only_returns_result" time="1.063" /><testcase classname="backend.tests.test_omni_api.TestHistory" name="test_history_lists_only_callers_items_and_sorted_desc" time="0.139" /><testcase classname="backend.tests.test_omni_api.TestHistory" name="test_cross_tenant_isolation" time="0.211" /><testcase classname="backend.tests.test_omni_api.TestHistory" name="test_delete_history_only_own_item" time="0.262" /></testsuite></testsuites>